<?xml version="1.0" encoding="UTF-8"?>
<!-- Generated by org.testng.reporters.JUnitXMLReporter -->
<testsuite ignored="0" hostname="YatamPakkiraReddy" failures="0" tests="5" name="Test-runner firefox" time="105.97" errors="0" timestamp="2023-10-16T16:18:48 IST">
  <testcase classname="vTiger_contacts_TestScripts.CreateContactWithOrganizationPOMTest" name="createContactWithOrgTest" time="46.446"/>
  <testcase classname="vTiger_contacts_TestScripts.CreateContactWithOrganizationPOMTest" name="test" time="0.002"/>
  <testcase classname="vTiger_contacts_TestScripts.CreateContactWithOrganizationPOMTest" name="test2" time="0.004"/>
  <testcase classname="vTiger_contacts_TestScripts.CreateContactWithOrganizationPOMTest" name="test3" time="0.003"/>
  <testcase classname="vTiger_contacts_TestScripts.CreateContactWithOrganizationPOMTest" name="test4" time="0.001"/>
</testsuite> <!-- Test-runner firefox -->
