<?xml version="1.0" encoding="UTF-8"?>
<!-- Generated by org.testng.reporters.JUnitXMLReporter -->
<testsuite ignored="0" hostname="YatamPakkiraReddy" failures="0" tests="2" name="Test-Runner1" time="29.682" errors="0" timestamp="2023-04-03T20:49:44 IST">
  <testcase classname="vTiger_Organisation_TestScripts.CreateOrganizationWithDDT" name="ddt" time="14.578"/>
  <testcase classname="vTiger_Organisation_TestScripts.CreateNewOrganizationWithIndustryPOMTest" name="createNewOrgWithIndustry" time="7.781"/>
</testsuite> <!-- Test-Runner1 -->
