<?xml version="1.0" encoding="UTF-8"?>
<!-- Generated by org.testng.reporters.JUnitXMLReporter -->
<testsuite ignored="0" hostname="YatamPakkiraReddy" failures="0" tests="1" name="Test-runner2" time="32.931" errors="0" timestamp="2023-01-12T22:05:03 IST">
  <testcase classname="vTiger_Organisation_TestScripts.CreateNewOrganizationWithIndustryPOMTest" name="createNewOrgWithIndustry" time="15.393"/>
</testsuite> <!-- Test-runner2 -->
