<?xml version="1.0" encoding="UTF-8"?>
<!-- Generated by org.testng.reporters.JUnitXMLReporter -->
<testsuite ignored="0" hostname="YatamPakkiraReddy" failures="0" tests="5" name="Test-runner firefox" time="69.869" errors="0" timestamp="2023-01-04T11:30:19 IST">
  <testcase classname="vTiger_contacts_TestScripts.CreateContactWithOrganizationPOMTest" name="createContactWithOrgTest" time="27.105"/>
  <testcase classname="vTiger_contacts_TestScripts.CreateContactWithOrganizationPOMTest" name="test" time="0.001"/>
  <testcase classname="vTiger_contacts_TestScripts.CreateContactWithOrganizationPOMTest" name="test2" time="0.001"/>
  <testcase classname="vTiger_contacts_TestScripts.CreateContactWithOrganizationPOMTest" name="test3" time="0.001"/>
  <testcase classname="vTiger_contacts_TestScripts.CreateContactWithOrganizationPOMTest" name="test4" time="0.001"/>
</testsuite> <!-- Test-runner firefox -->
