<?xml version="1.0" encoding="UTF-8"?>
<!-- Generated by org.testng.reporters.JUnitXMLReporter -->
<testsuite ignored="0" hostname="YatamPakkiraReddy" failures="0" tests="1" name="Test-Runner2" time="17.626" errors="0" timestamp="2023-04-03T20:49:32 IST">
  <testcase classname="vTiger_Organisation_TestScripts.CreateOrgAndSelectHelthcareInIndustryTest" name="craeteOrgWithIndustry" time="9.546"/>
</testsuite> <!-- Test-Runner2 -->
