<?xml version="1.0" encoding="UTF-8"?>
<!-- Generated by org.testng.reporters.JUnitReportReporter -->
<testsuite hostname="YatamPakkiraReddy" failures="0" tests="1" name="vTiger_Organisation_TestScripts.CreateContactWithorganization" time="48.566" errors="0" timestamp="2023-02-05T17:47:57 IST" skipped="0">
  <testcase classname="vTiger_Organisation_TestScripts.CreateContactWithorganization" name="createContactWithOrg" time="48.566"/>
  <system-out/>
</testsuite> <!-- vTiger_Organisation_TestScripts.CreateContactWithorganization -->
