<?xml version="1.0" encoding="UTF-8"?>
<!-- Generated by org.testng.reporters.JUnitReportReporter -->
<testsuite hostname="YatamPakkiraReddy" failures="0" tests="1" name="vTiger_contacts_TestScripts.DemoTest" time="16.775" errors="0" timestamp="2023-01-21T13:00:48 IST" skipped="0">
  <testcase classname="vTiger_contacts_TestScripts.DemoTest" name="sample" time="16.775"/>
  <system-out/>
</testsuite> <!-- vTiger_contacts_TestScripts.DemoTest -->
