<?xml version="1.0" encoding="UTF-8"?>
<!-- Generated by org.testng.reporters.JUnitReportReporter -->
<testsuite hostname="YatamPakkiraReddy" failures="0" tests="1" name="linksChecking.ImageDownload" time="4.721" errors="0" timestamp="2023-11-09T15:42:01 IST" skipped="0">
  <testcase classname="linksChecking.ImageDownload" name="saveParticularImg" time="4.721"/>
  <system-out/>
</testsuite> <!-- linksChecking.ImageDownload -->
