<?xml version="1.0" encoding="UTF-8"?>
<!-- Generated by org.testng.reporters.JUnitReportReporter -->
<testsuite hostname="YatamPakkiraReddy" failures="0" tests="2" name="testPractice2.Randomstringpractice" time="0.019" errors="0" timestamp="2023-09-06T10:24:38 IST" skipped="0">
  <testcase classname="testPractice2.Randomstringpractice" name="multiplication" time="0.017"/>
  <system-out/>
  <testcase classname="testPractice2.Randomstringpractice" name="randomstring" time="0.002"/>
  <system-out/>
</testsuite> <!-- testPractice2.Randomstringpractice -->
