<?xml version="1.0" encoding="UTF-8"?>
<!-- Generated by org.testng.reporters.JUnitReportReporter -->
<testsuite hostname="YatamPakkiraReddy" failures="0" tests="1" name="linksChecking.LinksCheckingwithVtiger" time="115.183" errors="0" timestamp="2023-05-19T14:17:24 IST" skipped="0">
  <testcase classname="linksChecking.LinksCheckingwithVtiger" name="linksVerification" time="115.183"/>
  <system-out/>
</testsuite> <!-- linksChecking.LinksCheckingwithVtiger -->
