<?xml version="1.0" encoding="UTF-8"?>
<!-- Generated by org.testng.reporters.JUnitReportReporter -->
<testsuite hostname="YatamPakkiraReddy" failures="0" tests="1" name="vTiger_Practice.CreateOrgWithIndustryPOMPractice" time="15.684" errors="0" timestamp="2023-01-10T13:21:08 IST" skipped="0">
  <testcase classname="vTiger_Practice.CreateOrgWithIndustryPOMPractice" name="createOrgWithIndustryTest" time="15.684"/>
  <system-out/>
</testsuite> <!-- vTiger_Practice.CreateOrgWithIndustryPOMPractice -->
