<?xml version="1.0" encoding="UTF-8"?>
<!-- Generated by org.testng.reporters.JUnitReportReporter -->
<testsuite hostname="YatamPakkiraReddy" failures="0" tests="1" name="vTiger_Organisation_TestScripts.CreateNewOrganizationWithIndustryPOMTest" time="27.079" errors="0" timestamp="2023-01-12T22:05:19 IST" skipped="0">
  <testcase classname="vTiger_Organisation_TestScripts.CreateNewOrganizationWithIndustryPOMTest" name="createNewOrgWithIndustry" time="27.079"/>
  <system-out/>
</testsuite> <!-- vTiger_Organisation_TestScripts.CreateNewOrganizationWithIndustryPOMTest -->
