<?xml version="1.0" encoding="UTF-8"?>
<!-- Generated by org.testng.reporters.JUnitReportReporter -->
<testsuite hostname="YatamPakkiraReddy" failures="0" tests="1" name="vTiger_Organisation_TestScripts.CreateContactWithorganizationTest" time="29.812" errors="0" timestamp="2023-10-08T11:17:46 IST" skipped="0">
  <testcase classname="vTiger_Organisation_TestScripts.CreateContactWithorganizationTest" name="createContactWithOrg" time="29.812"/>
  <system-out/>
</testsuite> <!-- vTiger_Organisation_TestScripts.CreateContactWithorganizationTest -->
