<?xml version="1.0" encoding="UTF-8"?>
<!-- Generated by org.testng.reporters.JUnitReportReporter -->
<testsuite hostname="YatamPakkiraReddy" failures="0" tests="1" name="vTiger_Practice.youtube" time="32.261" errors="0" timestamp="2023-03-09T20:58:02 IST" skipped="0">
  <testcase classname="vTiger_Practice.youtube" name="yt" time="32.261"/>
  <system-out/>
</testsuite> <!-- vTiger_Practice.youtube -->
