<?xml version="1.0" encoding="UTF-8"?>
<!-- Generated by org.testng.reporters.JUnitReportReporter -->
<testsuite hostname="YatamPakkiraReddy" failures="0" tests="1" name="vTiger_Practice.ExcelRelatedPractice" time="0.436" errors="0" timestamp="2023-01-10T13:21:08 IST" skipped="0">
  <testcase classname="vTiger_Practice.ExcelRelatedPractice" name="readDataexcelsheet" time="0.436"/>
  <system-out/>
</testsuite> <!-- vTiger_Practice.ExcelRelatedPractice -->
