<?xml version="1.0" encoding="UTF-8"?>
<!-- Generated by org.testng.reporters.JUnitReportReporter -->
<testsuite hostname="YatamPakkiraReddy" failures="0" tests="1" name="vTiger_Practice.SampleJDBCExecuteUpdate" time="0.165" errors="0" timestamp="2023-02-09T13:51:27 IST" skipped="0">
  <testcase classname="vTiger_Practice.SampleJDBCExecuteUpdate" name="sampleUpdate" time="0.165"/>
  <system-out/>
</testsuite> <!-- vTiger_Practice.SampleJDBCExecuteUpdate -->
