<?xml version="1.0" encoding="UTF-8"?>
<!-- Generated by org.testng.reporters.JUnitReportReporter -->
<testsuite hostname="YatamPakkiraReddy" failures="0" tests="5" name="vTiger_Organisation_TestScripts.CreateMultipleOrganizationsTest" time="61.003" errors="0" timestamp="2023-04-04T15:28:57 IST" skipped="0">
  <testcase classname="vTiger_Organisation_TestScripts.CreateMultipleOrganizationsTest" name="createMultipleorgTest" time="12.691"/>
  <system-out/>
  <testcase classname="vTiger_Organisation_TestScripts.CreateMultipleOrganizationsTest" name="createMultipleorgTest" time="12.978"/>
  <system-out/>
  <testcase classname="vTiger_Organisation_TestScripts.CreateMultipleOrganizationsTest" name="createMultipleorgTest" time="12.807"/>
  <system-out/>
  <testcase classname="vTiger_Organisation_TestScripts.CreateMultipleOrganizationsTest" name="createMultipleorgTest" time="11.252"/>
  <system-out/>
  <testcase classname="vTiger_Organisation_TestScripts.CreateMultipleOrganizationsTest" name="createMultipleorgTest" time="11.275"/>
  <system-out/>
</testsuite> <!-- vTiger_Organisation_TestScripts.CreateMultipleOrganizationsTest -->
