<?xml version="1.0" encoding="UTF-8"?>
<!-- Generated by org.testng.reporters.JUnitReportReporter -->
<testsuite hostname="YatamPakkiraReddy" failures="0" tests="1" name="vTiger_Practice.ReadDataFromExcelPractice" time="0.560" errors="0" timestamp="2023-01-01T22:35:00 IST" skipped="0">
  <testcase classname="vTiger_Practice.ReadDataFromExcelPractice" name="excelsheet" time="0.560"/>
  <system-out/>
</testsuite> <!-- vTiger_Practice.ReadDataFromExcelPractice -->
