<?xml version="1.0" encoding="UTF-8"?>
<!-- Generated by org.testng.reporters.JUnitReportReporter -->
<testsuite hostname="YatamPakkiraReddy" failures="0" tests="1" name="testPractice2.CalenderPopupPractice" time="0.251" errors="0" timestamp="2023-09-28T20:11:00 IST" skipped="0">
  <testcase classname="testPractice2.CalenderPopupPractice" name="jdbc" time="0.251"/>
  <system-out/>
</testsuite> <!-- testPractice2.CalenderPopupPractice -->
