<?xml version="1.0" encoding="UTF-8"?>
<!-- Generated by org.testng.reporters.JUnitReportReporter -->
<testsuite hostname="YatamPakkiraReddy" failures="0" tests="1" name="vTiger_contacts_TestScripts.CreateContacts" time="17.783" errors="0" timestamp="2023-01-09T07:44:55 IST" skipped="0">
  <testcase classname="vTiger_contacts_TestScripts.CreateContacts" name="createcontactTest" time="17.783"/>
  <system-out/>
</testsuite> <!-- vTiger_contacts_TestScripts.CreateContacts -->
