<?xml version="1.0" encoding="UTF-8"?>
<!-- Generated by org.testng.reporters.JUnitReportReporter -->
<testsuite hostname="YatamPakkiraReddy" failures="0" tests="5" name="vTiger_Organisation_TestScripts.CreateMultipleOrganizationsTest" time="81.449" errors="0" timestamp="2023-02-22T11:44:45 IST" skipped="0">
  <testcase classname="vTiger_Organisation_TestScripts.CreateMultipleOrganizationsTest" name="createMultipleorgTest" time="17.746"/>
  <system-out/>
  <testcase classname="vTiger_Organisation_TestScripts.CreateMultipleOrganizationsTest" name="createMultipleorgTest" time="15.611"/>
  <system-out/>
  <testcase classname="vTiger_Organisation_TestScripts.CreateMultipleOrganizationsTest" name="createMultipleorgTest" time="15.719"/>
  <system-out/>
  <testcase classname="vTiger_Organisation_TestScripts.CreateMultipleOrganizationsTest" name="createMultipleorgTest" time="15.667"/>
  <system-out/>
  <testcase classname="vTiger_Organisation_TestScripts.CreateMultipleOrganizationsTest" name="createMultipleorgTest" time="16.706"/>
  <system-out/>
</testsuite> <!-- vTiger_Organisation_TestScripts.CreateMultipleOrganizationsTest -->
