<?xml version="1.0" encoding="UTF-8"?>
<!-- Generated by org.testng.reporters.JUnitReportReporter -->
<testsuite hostname="YatamPakkiraReddy" failures="0" tests="1" name="vTiger_Practice.SampleJDBCExecuteQuery" time="0.262" errors="0" timestamp="2023-02-09T12:36:31 IST" skipped="0">
  <testcase classname="vTiger_Practice.SampleJDBCExecuteQuery" name="sampleJDBC" time="0.262"/>
  <system-out/>
</testsuite> <!-- vTiger_Practice.SampleJDBCExecuteQuery -->
