<?xml version="1.0" encoding="UTF-8"?>
<!-- Generated by org.testng.reporters.JUnitReportReporter -->
<testsuite hostname="YatamPakkiraReddy" failures="0" tests="1" name="vTiger_Organisation_TestScripts.CreateNewOrganizationWithIndustryTest" time="15.104" errors="0" timestamp="2022-12-30T21:31:33 IST" skipped="0">
  <testcase classname="vTiger_Organisation_TestScripts.CreateNewOrganizationWithIndustryTest" name="createNewOrgWithIndustry" time="15.104"/>
  <system-out/>
</testsuite> <!-- vTiger_Organisation_TestScripts.CreateNewOrganizationWithIndustryTest -->
