<?xml version="1.0" encoding="UTF-8"?>
<!-- Generated by org.testng.reporters.JUnitReportReporter -->
<testsuite hostname="YatamPakkiraReddy" failures="0" tests="2" name="vTiger_contacts_TestScripts.DemoTest" time="18.277" errors="0" timestamp="2023-11-13T14:49:23 IST" skipped="0">
  <testcase classname="vTiger_contacts_TestScripts.DemoTest" name="demo" time="9.534"/>
  <system-out/>
  <testcase classname="vTiger_contacts_TestScripts.DemoTest" name="sample" time="8.743"/>
  <system-out/>
</testsuite> <!-- vTiger_contacts_TestScripts.DemoTest -->
