<?xml version="1.0" encoding="UTF-8"?>
<!-- Generated by org.testng.reporters.JUnitReportReporter -->
<testsuite hostname="YatamPakkiraReddy" failures="0" tests="1" name="vTiger_Organisation_TestScripts.CreateContactWithorganization" time="27.608" errors="0" timestamp="2023-01-10T13:21:08 IST" skipped="0">
  <testcase classname="vTiger_Organisation_TestScripts.CreateContactWithorganization" name="createContactWithOrg" time="27.608"/>
  <system-out/>
</testsuite> <!-- vTiger_Organisation_TestScripts.CreateContactWithorganization -->
