<?xml version="1.0" encoding="UTF-8"?>
<!-- Generated by org.testng.reporters.JUnitReportReporter -->
<testsuite hostname="YatamPakkiraReddy" failures="0" tests="5" name="vTiger_Organisation_TestScripts.CreateMultipleOrganizationsTest" time="86.338" errors="0" timestamp="2023-10-20T18:28:02 IST" skipped="0">
  <testcase classname="vTiger_Organisation_TestScripts.CreateMultipleOrganizationsTest" name="createMultipleorgTest" time="18.618"/>
  <system-out/>
  <testcase classname="vTiger_Organisation_TestScripts.CreateMultipleOrganizationsTest" name="createMultipleorgTest" time="16.660"/>
  <system-out/>
  <testcase classname="vTiger_Organisation_TestScripts.CreateMultipleOrganizationsTest" name="createMultipleorgTest" time="16.145"/>
  <system-out/>
  <testcase classname="vTiger_Organisation_TestScripts.CreateMultipleOrganizationsTest" name="createMultipleorgTest" time="16.550"/>
  <system-out/>
  <testcase classname="vTiger_Organisation_TestScripts.CreateMultipleOrganizationsTest" name="createMultipleorgTest" time="18.365"/>
  <system-out/>
</testsuite> <!-- vTiger_Organisation_TestScripts.CreateMultipleOrganizationsTest -->
