<?xml version="1.0" encoding="UTF-8"?>
<!-- Generated by org.testng.reporters.JUnitReportReporter -->
<testsuite hostname="YatamPakkiraReddy" failures="0" tests="5" name="vTiger_Organisation_TestScripts.CreateOrgWithIndustryUsingDataProvider" time="95.295" errors="0" timestamp="2023-03-16T23:07:23 IST" skipped="0">
  <testcase classname="vTiger_Organisation_TestScripts.CreateOrgWithIndustryUsingDataProvider" name="createOrgWithInd" time="18.528"/>
  <system-out/>
  <testcase classname="vTiger_Organisation_TestScripts.CreateOrgWithIndustryUsingDataProvider" name="createOrgWithInd" time="19.547"/>
  <system-out/>
  <testcase classname="vTiger_Organisation_TestScripts.CreateOrgWithIndustryUsingDataProvider" name="createOrgWithInd" time="18.258"/>
  <system-out/>
  <testcase classname="vTiger_Organisation_TestScripts.CreateOrgWithIndustryUsingDataProvider" name="createOrgWithInd" time="20.384"/>
  <system-out/>
  <testcase classname="vTiger_Organisation_TestScripts.CreateOrgWithIndustryUsingDataProvider" name="createOrgWithInd" time="18.578"/>
  <system-out/>
</testsuite> <!-- vTiger_Organisation_TestScripts.CreateOrgWithIndustryUsingDataProvider -->
