<?xml version="1.0" encoding="UTF-8"?>
<!-- Generated by org.testng.reporters.JUnitReportReporter -->
<testsuite hostname="YatamPakkiraReddy" failures="0" tests="2" name="vTiger_Practice.BaseClassPractice" time="0.010" errors="0" timestamp="2023-10-16T17:09:29 IST" skipped="0">
  <testcase classname="vTiger_Practice.BaseClassPractice" name="test2" time="0.003"/>
  <system-out/>
  <testcase classname="vTiger_Practice.BaseClassPractice" name="test1" time="0.007"/>
  <system-out/>
</testsuite> <!-- vTiger_Practice.BaseClassPractice -->
