<?xml version="1.0" encoding="UTF-8"?>
<!-- Generated by org.testng.reporters.JUnitReportReporter -->
<testsuite hostname="YatamPakkiraReddy" failures="0" tests="5" name="vTiger_contacts_TestScripts.CreateContactWithOrganizationPOMTest" time="67.224" errors="0" timestamp="2023-11-13T14:49:23 IST" skipped="0">
  <testcase classname="vTiger_contacts_TestScripts.CreateContactWithOrganizationPOMTest" name="test2" time="8.456"/>
  <system-out/>
  <testcase classname="vTiger_contacts_TestScripts.CreateContactWithOrganizationPOMTest" name="test" time="8.746"/>
  <system-out/>
  <testcase classname="vTiger_contacts_TestScripts.CreateContactWithOrganizationPOMTest" name="test3" time="8.759"/>
  <system-out/>
  <testcase classname="vTiger_contacts_TestScripts.CreateContactWithOrganizationPOMTest" name="createContactWithOrgTest" time="35.748"/>
  <system-out>
    <![CDATA[--clicked on Organization link--
--clicked on Organization look Image--
--Organization created with Industry and saved succefully --
--clicked on Contacts link--
--clicked on Contact lookUp Image link--
--Organization created  with contact and saved succefully --]]>
  </system-out>
  <testcase classname="vTiger_contacts_TestScripts.CreateContactWithOrganizationPOMTest" name="test4" time="5.515"/>
  <system-out/>
</testsuite> <!-- vTiger_contacts_TestScripts.CreateContactWithOrganizationPOMTest -->
