<?xml version="1.0" encoding="UTF-8"?>
<!-- Generated by org.testng.reporters.JUnitReportReporter -->
<testsuite hostname="YatamPakkiraReddy" failures="0" tests="1" name="vTiger_Organisation_TestScripts.CreateOrgAndSelectHelthcareInIndustryTest" time="9.493" errors="0" timestamp="2024-01-17T22:38:23 IST" skipped="0">
  <testcase classname="vTiger_Organisation_TestScripts.CreateOrgAndSelectHelthcareInIndustryTest" name="craeteOrgWithIndustry" time="9.493"/>
  <system-out>
    <![CDATA[[ ACC796 ] Amdoc1993824336 - Organization Information]]>
  </system-out>
</testsuite> <!-- vTiger_Organisation_TestScripts.CreateOrgAndSelectHelthcareInIndustryTest -->
