<?xml version="1.0" encoding="UTF-8"?>
<!-- Generated by org.testng.reporters.JUnitReportReporter -->
<testsuite hostname="YatamPakkiraReddy" failures="0" tests="1" name="responsiveED.CreateQuestion" time="32.758" errors="0" timestamp="2023-12-08T17:52:29 IST" skipped="0">
  <testcase classname="responsiveED.CreateQuestion" name="createQ" time="32.758"/>
  <system-out/>
</testsuite> <!-- responsiveED.CreateQuestion -->
