<?xml version="1.0" encoding="UTF-8"?>
<!-- Generated by org.testng.reporters.JUnitReportReporter -->
<testsuite hostname="YatamPakkiraReddy" failures="0" tests="1" name="vTiger_Organisation_TestScripts.CreateNewOrganizationWithIndustryPOMTest" time="16.457" errors="0" timestamp="2023-04-05T20:09:25 IST" skipped="0">
  <testcase classname="vTiger_Organisation_TestScripts.CreateNewOrganizationWithIndustryPOMTest" name="createNewOrgWithIndustry" time="16.457"/>
  <system-out/>
</testsuite> <!-- vTiger_Organisation_TestScripts.CreateNewOrganizationWithIndustryPOMTest -->
