<?xml version="1.0" encoding="UTF-8"?>
<!-- Generated by org.testng.reporters.JUnitReportReporter -->
<testsuite hostname="YatamPakkiraReddy" failures="0" tests="1" name="vTiger_Practice.SampleJDBCExecuteUpdate" time="14.237" errors="0" timestamp="2023-03-10T13:43:33 IST" skipped="0">
  <testcase classname="vTiger_Practice.SampleJDBCExecuteUpdate" name="simpleUpdate" time="14.237"/>
  <system-out/>
</testsuite> <!-- vTiger_Practice.SampleJDBCExecuteUpdate -->
