<?xml version="1.0" encoding="UTF-8"?>
<!-- Generated by org.testng.reporters.JUnitReportReporter -->
<testsuite hostname="YatamPakkiraReddy" failures="0" tests="2" name="vTiger_Practice.DataProviderPeactice" time="0.000" errors="0" timestamp="2023-01-10T13:21:08 IST" skipped="0">
  <testcase classname="vTiger_Practice.DataProviderPeactice" name="addproductToCart" time="0.000"/>
  <system-out/>
  <testcase classname="vTiger_Practice.DataProviderPeactice" name="addproductToCart" time="0.000"/>
  <system-out/>
</testsuite> <!-- vTiger_Practice.DataProviderPeactice -->
