<?xml version="1.0" encoding="UTF-8"?>
<!-- Generated by org.testng.reporters.JUnitReportReporter -->
<testsuite hostname="YatamPakkiraReddy" failures="0" tests="5" name="vTiger_Organisation_TestScripts.CreateMultipleOrganizations" time="109.396" errors="0" timestamp="2023-01-04T10:04:15 IST" skipped="0">
  <testcase classname="vTiger_Organisation_TestScripts.CreateMultipleOrganizations" name="createMultipleorgTest" time="24.032"/>
  <system-out/>
  <testcase classname="vTiger_Organisation_TestScripts.CreateMultipleOrganizations" name="createMultipleorgTest" time="21.886"/>
  <system-out/>
  <testcase classname="vTiger_Organisation_TestScripts.CreateMultipleOrganizations" name="createMultipleorgTest" time="23.007"/>
  <system-out/>
  <testcase classname="vTiger_Organisation_TestScripts.CreateMultipleOrganizations" name="createMultipleorgTest" time="20.809"/>
  <system-out/>
  <testcase classname="vTiger_Organisation_TestScripts.CreateMultipleOrganizations" name="createMultipleorgTest" time="19.662"/>
  <system-out/>
</testsuite> <!-- vTiger_Organisation_TestScripts.CreateMultipleOrganizations -->
