<?xml version="1.0" encoding="UTF-8"?>
<!-- Generated by org.testng.reporters.JUnitReportReporter -->
<testsuite hostname="YatamPakkiraReddy" failures="0" tests="1" name="webTablesHandling.ClickOnAllcheckBoxesTest" time="9.613" errors="0" timestamp="2023-10-19T10:46:37 IST" skipped="0">
  <testcase classname="webTablesHandling.ClickOnAllcheckBoxesTest" name="printOrgs" time="9.613"/>
  <system-out/>
</testsuite> <!-- webTablesHandling.ClickOnAllcheckBoxesTest -->
