<?xml version="1.0" encoding="UTF-8"?>
<!-- Generated by org.testng.reporters.JUnitReportReporter -->
<testsuite hostname="YatamPakkiraReddy" failures="0" tests="1" name="vTiger_Practice.SampleJDBCExecuteQuery" time="1.191" errors="0" timestamp="2023-09-27T14:53:34 IST" skipped="0">
  <testcase classname="vTiger_Practice.SampleJDBCExecuteQuery" name="sampleJDBC" time="1.191"/>
  <system-out/>
</testsuite> <!-- vTiger_Practice.SampleJDBCExecuteQuery -->
