<?xml version="1.0" encoding="UTF-8"?>
<!-- Generated by org.testng.reporters.JUnitReportReporter -->
<testsuite hostname="YatamPakkiraReddy" failures="0" tests="1" name="vTiger_Practice.ReadDataFromCommandLine" time="0.024" errors="0" timestamp="2023-01-17T14:07:02 IST" skipped="0">
  <testcase classname="vTiger_Practice.ReadDataFromCommandLine" name="reaData" time="0.024"/>
  <system-out/>
</testsuite> <!-- vTiger_Practice.ReadDataFromCommandLine -->
