<?xml version="1.0" encoding="UTF-8"?>
<!-- Generated by org.testng.reporters.JUnitReportReporter -->
<testsuite hostname="YatamPakkiraReddy" failures="0" tests="1" name="vTiger_Organisation_TestScripts.CreateNewOrganizationWithIndustryPOMTest" time="9.693" errors="0" timestamp="2024-01-17T22:38:23 IST" skipped="0">
  <testcase classname="vTiger_Organisation_TestScripts.CreateNewOrganizationWithIndustryPOMTest" name="createNewOrgWithIndustry" time="9.693"/>
  <system-out/>
</testsuite> <!-- vTiger_Organisation_TestScripts.CreateNewOrganizationWithIndustryPOMTest -->
