<?xml version="1.0" encoding="UTF-8"?>
<!-- Generated by org.testng.reporters.JUnitReportReporter -->
<testsuite hostname="YatamPakkiraReddy" failures="0" tests="1" name="testPractice2.FlipKartListBox" time="8.440" errors="0" timestamp="2023-11-10T14:43:46 IST" skipped="0">
  <testcase classname="testPractice2.FlipKartListBox" name="PrintMotreLstBox" time="8.440"/>
  <system-out/>
</testsuite> <!-- testPractice2.FlipKartListBox -->
