<?xml version="1.0" encoding="UTF-8"?>
<!-- Generated by org.testng.reporters.JUnitReportReporter -->
<testsuite hostname="YatamPakkiraReddy" failures="0" tests="1" name="vTiger_Organisation_TestScripts.CreateOrgAndSelectHelthcareInIndustryTest" time="14.770" errors="0" timestamp="2023-04-03T20:49:44 IST" skipped="0">
  <testcase classname="vTiger_Organisation_TestScripts.CreateOrgAndSelectHelthcareInIndustryTest" name="craeteOrgWithIndustry" time="14.770"/>
  <system-out>
    <![CDATA[[ ACC419 ] Amdoc911232325 - Organization Information]]>
  </system-out>
</testsuite> <!-- vTiger_Organisation_TestScripts.CreateOrgAndSelectHelthcareInIndustryTest -->
