<?xml version="1.0" encoding="UTF-8"?>
<!-- Generated by org.testng.reporters.JUnitReportReporter -->
<testsuite hostname="YatamPakkiraReddy" failures="0" tests="1" name="vTiger_Organisation_TestScripts.CreateOrgAndSelectHelthcareInIndustry" time="15.270" errors="0" timestamp="2023-01-12T22:40:21 IST" skipped="0">
  <testcase classname="vTiger_Organisation_TestScripts.CreateOrgAndSelectHelthcareInIndustry" name="craeteOrgWithIndustry" time="15.270"/>
  <system-out>
    <![CDATA[[ ACC200 ] Amdoc231007361 - Organization Information]]>
  </system-out>
</testsuite> <!-- vTiger_Organisation_TestScripts.CreateOrgAndSelectHelthcareInIndustry -->
