<?xml version="1.0" encoding="UTF-8"?>
<!-- Generated by org.testng.reporters.JUnitReportReporter -->
<testsuite hostname="YatamPakkiraReddy" failures="0" tests="1" name="vTiger_contacts_TestScripts.CreateContactWithOrganizationPOMTest" time="58.250" errors="0" timestamp="2024-01-18T09:48:48 IST" skipped="0">
  <testcase classname="vTiger_contacts_TestScripts.CreateContactWithOrganizationPOMTest" name="createContactWithOrgTest" time="58.250"/>
  <system-out>
    <![CDATA[--clicked on Organization link--
--clicked on Organization look Image--
--Organization created with Industry and saved succefully --
--clicked on Contacts link--
--clicked on Contact lookUp Image link--
--Organization created  with contact and saved succefully --]]>
  </system-out>
</testsuite> <!-- vTiger_contacts_TestScripts.CreateContactWithOrganizationPOMTest -->
