<?xml version="1.0" encoding="UTF-8"?>
<!-- Generated by org.testng.reporters.JUnitReportReporter -->
<testsuite hostname="YatamPakkiraReddy" failures="0" tests="5" name="vTiger_Organisation_TestScripts.CreateMultipleOrganizationsTest" time="79.145" errors="0" timestamp="2023-01-10T13:21:08 IST" skipped="0">
  <testcase classname="vTiger_Organisation_TestScripts.CreateMultipleOrganizationsTest" name="createMultipleorgTest" time="15.645"/>
  <system-out/>
  <testcase classname="vTiger_Organisation_TestScripts.CreateMultipleOrganizationsTest" name="createMultipleorgTest" time="15.539"/>
  <system-out/>
  <testcase classname="vTiger_Organisation_TestScripts.CreateMultipleOrganizationsTest" name="createMultipleorgTest" time="15.462"/>
  <system-out/>
  <testcase classname="vTiger_Organisation_TestScripts.CreateMultipleOrganizationsTest" name="createMultipleorgTest" time="16.698"/>
  <system-out/>
  <testcase classname="vTiger_Organisation_TestScripts.CreateMultipleOrganizationsTest" name="createMultipleorgTest" time="15.801"/>
  <system-out/>
</testsuite> <!-- vTiger_Organisation_TestScripts.CreateMultipleOrganizationsTest -->
