<?xml version="1.0" encoding="UTF-8"?>
<!-- Generated by org.testng.reporters.JUnitReportReporter -->
<testsuite hostname="YatamPakkiraReddy" failures="0" tests="1" name="vTiger_Organisation_TestScripts.CreateOrgAndSelectHelthcareInIndustryTest" time="19.625" errors="0" timestamp="2024-01-18T09:48:48 IST" skipped="0">
  <testcase classname="vTiger_Organisation_TestScripts.CreateOrgAndSelectHelthcareInIndustryTest" name="craeteOrgWithIndustry" time="19.625"/>
  <system-out>
    <![CDATA[[ ACC812 ] Amdoc192549180 - Organization Information]]>
  </system-out>
</testsuite> <!-- vTiger_Organisation_TestScripts.CreateOrgAndSelectHelthcareInIndustryTest -->
