<?xml version="1.0" encoding="UTF-8"?>
<!-- Generated by org.testng.reporters.JUnitReportReporter -->
<testsuite hostname="YatamPakkiraReddy" failures="0" tests="10" name="vTiger_contacts_TestScripts.CreateContactWithOrganizationPOMTest" time="181.099" errors="0" timestamp="2023-10-16T16:18:48 IST" skipped="0">
  <testcase classname="vTiger_contacts_TestScripts.CreateContactWithOrganizationPOMTest" name="test" time="11.307"/>
  <system-out/>
  <testcase classname="vTiger_contacts_TestScripts.CreateContactWithOrganizationPOMTest" name="test4" time="8.800"/>
  <system-out/>
  <testcase classname="vTiger_contacts_TestScripts.CreateContactWithOrganizationPOMTest" name="test2" time="10.245"/>
  <system-out/>
  <testcase classname="vTiger_contacts_TestScripts.CreateContactWithOrganizationPOMTest" name="test" time="8.371"/>
  <system-out/>
  <testcase classname="vTiger_contacts_TestScripts.CreateContactWithOrganizationPOMTest" name="test3" time="8.178"/>
  <system-out/>
  <testcase classname="vTiger_contacts_TestScripts.CreateContactWithOrganizationPOMTest" name="createContactWithOrgTest" time="55.126"/>
  <system-out>
    <![CDATA[--clicked on Organization link--
--clicked on Organization look Image--
--Organization created with Industry and saved succefully --
--clicked on Contacts link--
--clicked on Contact lookUp Image link--
--Organization created  with contact and saved succefully --]]>
  </system-out>
  <testcase classname="vTiger_contacts_TestScripts.CreateContactWithOrganizationPOMTest" name="test2" time="6.438"/>
  <system-out/>
  <testcase classname="vTiger_contacts_TestScripts.CreateContactWithOrganizationPOMTest" name="createContactWithOrgTest" time="55.529"/>
  <system-out>
    <![CDATA[--clicked on Organization link--
--clicked on Organization look Image--
--Organization created with Industry and saved succefully --
--clicked on Contacts link--
--clicked on Contact lookUp Image link--
--Organization created  with contact and saved succefully --]]>
  </system-out>
  <testcase classname="vTiger_contacts_TestScripts.CreateContactWithOrganizationPOMTest" name="test4" time="8.461"/>
  <system-out/>
  <testcase classname="vTiger_contacts_TestScripts.CreateContactWithOrganizationPOMTest" name="test3" time="8.644"/>
  <system-out/>
</testsuite> <!-- vTiger_contacts_TestScripts.CreateContactWithOrganizationPOMTest -->
