<?xml version="1.0" encoding="UTF-8"?>
<!-- Generated by org.testng.reporters.JUnitReportReporter -->
<testsuite hostname="YatamPakkiraReddy" failures="0" tests="1" name="linksChecking.PrintListBox" time="5.116" errors="0" timestamp="2023-11-09T12:11:45 IST" skipped="0">
  <testcase classname="linksChecking.PrintListBox" name="ama" time="5.116"/>
  <system-out/>
</testsuite> <!-- linksChecking.PrintListBox -->
