<?xml version="1.0" encoding="UTF-8"?>
<!-- Generated by org.testng.reporters.JUnitReportReporter -->
<testsuite hostname="YatamPakkiraReddy" failures="0" tests="1" name="vTiger_Organisation_TestScripts.CreateOrganizationWithDDT" time="14.578" errors="0" timestamp="2023-04-03T20:49:44 IST" skipped="0">
  <testcase classname="vTiger_Organisation_TestScripts.CreateOrganizationWithDDT" name="ddt" time="14.578"/>
  <system-out/>
</testsuite> <!-- vTiger_Organisation_TestScripts.CreateOrganizationWithDDT -->
