<?xml version="1.0" encoding="UTF-8"?>
<!-- Generated by org.testng.reporters.JUnitReportReporter -->
<testsuite hostname="YatamPakkiraReddy" failures="0" tests="1" name="vTiger_Organisation_TestScripts.CreateOrgAndSelectHelthcareInIndustryTest" time="17.067" errors="0" timestamp="2023-03-13T19:42:08 IST" skipped="0">
  <testcase classname="vTiger_Organisation_TestScripts.CreateOrgAndSelectHelthcareInIndustryTest" name="craeteOrgWithIndustry" time="17.067"/>
  <system-out>
    <![CDATA[[ ACC389 ] Amdoc-1527805768 - Organization Information]]>
  </system-out>
</testsuite> <!-- vTiger_Organisation_TestScripts.CreateOrgAndSelectHelthcareInIndustryTest -->
