<?xml version="1.0" encoding="UTF-8"?>
<!-- Generated by org.testng.reporters.JUnitReportReporter -->
<testsuite hostname="YatamPakkiraReddy" failures="0" tests="1" name="vTiger_Organisation_TestScripts.CreateContactWithorganizationTest" time="46.958" errors="0" timestamp="2023-11-14T18:15:06 IST" skipped="0">
  <testcase classname="vTiger_Organisation_TestScripts.CreateContactWithorganizationTest" name="createContactWithOrg" time="46.958"/>
  <system-out/>
</testsuite> <!-- vTiger_Organisation_TestScripts.CreateContactWithorganizationTest -->
