<?xml version="1.0" encoding="UTF-8"?>
<!-- Generated by org.testng.reporters.JUnitReportReporter -->
<testsuite hostname="YatamPakkiraReddy" failures="0" tests="1" name="testPractice2.CreateOrganizationWithDDT" time="50.552" errors="0" timestamp="2023-11-17T22:46:41 IST" skipped="0">
  <testcase classname="testPractice2.CreateOrganizationWithDDT" name="ddt" time="50.552"/>
  <system-out/>
</testsuite> <!-- testPractice2.CreateOrganizationWithDDT -->
