<?xml version="1.0" encoding="UTF-8"?>
<!-- Generated by org.testng.reporters.JUnitReportReporter -->
<testsuite hostname="YatamPakkiraReddy" failures="0" tests="1" name="vTiger_Organisation_TestScripts.CreateNewOrganizationWithIndustryPOM" time="19.110" errors="0" timestamp="2024-01-18T09:48:48 IST" skipped="0">
  <testcase classname="vTiger_Organisation_TestScripts.CreateNewOrganizationWithIndustryPOM" name="createNewOrgWithIndustry" time="19.110"/>
  <system-out/>
</testsuite> <!-- vTiger_Organisation_TestScripts.CreateNewOrganizationWithIndustryPOM -->
