<?xml version="1.0" encoding="UTF-8"?>
<!-- Generated by org.testng.reporters.JUnitReportReporter -->
<testsuite hostname="YatamPakkiraReddy" failures="0" tests="1" name="linksChecking.LinksCheckingwithVtiger" time="6.657" errors="0" timestamp="2023-10-20T11:17:30 IST" skipped="0">
  <testcase classname="linksChecking.LinksCheckingwithVtiger" name="linksVerification" time="6.657"/>
  <system-out/>
</testsuite> <!-- linksChecking.LinksCheckingwithVtiger -->
